{"level":"info","message":"Inventory service listening on port 3001","timestamp":"2025-01-15T07:08:46.619Z"}
{"level":"info","message":"Inventory service listening on port 3001","timestamp":"2025-01-15T07:11:10.325Z"}
{"level":"info","message":"Inventory service listening on port 3001","timestamp":"2025-01-15T07:15:13.004Z"}
{"level":"info","message":"Inventory service listening on port 3001","timestamp":"2025-01-15T07:15:16.753Z"}
{"amadeusConfigured":true,"level":"info","message":"Starting inventory service with config:","nodeEnv":"development","port":"3001","timestamp":"2025-01-15T07:19:30.582Z"}
{"level":"info","message":"Inventory service listening at http://localhost:3001","timestamp":"2025-01-15T07:19:30.587Z"}
{"level":"info","message":"Searching locations with keyword: ph","timestamp":"2025-01-15T07:19:48.067Z"}
{"level":"info","message":"Searching Amadeus locations with keyword: ph","timestamp":"2025-01-15T07:19:48.069Z"}
{"level":"info","message":"Searching locations with keyword: phl","timestamp":"2025-01-15T07:19:48.416Z"}
{"level":"info","message":"Searching Amadeus locations with keyword: phl","timestamp":"2025-01-15T07:19:48.416Z"}
{"level":"info","message":"Found 2 locations","timestamp":"2025-01-15T07:19:49.519Z"}
{"level":"info","message":"Found 10 locations","timestamp":"2025-01-15T07:19:49.525Z"}
{"level":"info","message":"Searching locations with keyword: li","timestamp":"2025-01-15T07:19:55.656Z"}
{"level":"info","message":"Searching Amadeus locations with keyword: li","timestamp":"2025-01-15T07:19:55.657Z"}
{"level":"info","message":"Found 10 locations","timestamp":"2025-01-15T07:19:56.402Z"}
{"level":"info","message":"Searching locations with keyword: lim","timestamp":"2025-01-15T07:19:56.554Z"}
{"level":"info","message":"Searching Amadeus locations with keyword: lim","timestamp":"2025-01-15T07:19:56.554Z"}
{"level":"info","message":"Found 10 locations","timestamp":"2025-01-15T07:19:56.904Z"}
{"adults":"1","date":"2025-03-19","from":"PHL","level":"info","maxPrice":"","message":"Searching flights with params:","returnDate":"2025-03-25","timestamp":"2025-01-15T07:20:01.210Z","to":"AOH"}
{"level":"error","message":"Flight search error:","timestamp":"2025-01-15T07:20:02.651Z"}
{"code":"ClientError","description":[{"code":477,"detail":"This attribute must be a number","source":{"pointer":"maxPrice"},"status":400,"title":"INVALID FORMAT"}],"level":"error","message":"Flight search error:","response":{"body":"{\"errors\":[{\"status\":400,\"code\":477,\"title\":\"INVALID FORMAT\",\"detail\":\"This attribute must be a number\",\"source\":{\"pointer\":\"maxPrice\"}}]}","headers":{"access-control-allow-headers":"origin, x-requested-with, accept, Content-Type, Authorization","access-control-allow-methods":"*","access-control-allow-origin":"*","access-control-max-age":"3628800","ama-gateway-request-id":"rrt-0feb2d4be8f3c8137-b-eu-75445-57654096-4","ama-internal-message-version":"14.1","ama-request-id":"0001IXMNQQ4CDD","connection":"keep-alive","content-length":"138","content-type":"application/vnd.amadeus+json","date":"Wed, 15 Jan 2025 07:20:02 GMT","server":"Amadeus"},"parsed":true,"request":{"ListHTTPOverride":["/v2/shopping/flight-offers","/v1/shopping/seatmaps","/v1/shopping/availability/flight-availabilities","/v2/shopping/flight-offers/prediction","/v1/shopping/flight-offers/pricing","/v1/shopping/flight-offers/upselling"],"appId":null,"appVersion":null,"bearerToken":"TBCCvLGKYFdjvuJxIgse9RyZEadT","clientVersion":"11.0.0","headers":{"Accept":"application/json, application/vnd.amadeus+json","Authorization":"Bearer TBCCvLGKYFdjvuJxIgse9RyZEadT","Content-Type":"application/vnd.amadeus+json","User-Agent":"amadeus-node/11.0.0 node/23.6.0"},"host":"test.api.amadeus.com","languageVersion":"23.6.0","params":{"adults":1,"currencyCode":"USD","departureDate":"2025-03-19","destinationLocationCode":"AOH","max":10,"maxPrice":"","nonStop":false,"originLocationCode":"PHL","returnDate":"2025-03-25"},"path":"/v2/shopping/flight-offers","port":443,"queryPath":"/v2/shopping/flight-offers?originLocationCode=PHL&destinationLocationCode=AOH&departureDate=2025-03-19&returnDate=2025-03-25&adults=1&maxPrice=&currencyCode=USD&max=10&nonStop=false","scheme":"https","ssl":true,"verb":"GET"},"result":{"errors":[{"code":477,"detail":"This attribute must be a number","source":{"pointer":"maxPrice"},"status":400,"title":"INVALID FORMAT"}]},"statusCode":400},"timestamp":"2025-01-15T07:20:02.652Z"}
{"amadeusConfigured":true,"level":"info","message":"Starting inventory service with config:","nodeEnv":"development","port":"3001","timestamp":"2025-01-15T07:21:52.004Z"}
{"level":"info","message":"Inventory service listening at http://localhost:3001","timestamp":"2025-01-15T07:21:52.008Z"}
{"level":"info","message":"Searching locations with keyword: ph","timestamp":"2025-01-15T07:21:55.687Z"}
{"level":"info","message":"Searching Amadeus locations with keyword: ph","timestamp":"2025-01-15T07:21:55.688Z"}
{"level":"info","message":"Searching locations with keyword: phl","timestamp":"2025-01-15T07:21:55.789Z"}
{"level":"info","message":"Searching Amadeus locations with keyword: phl","timestamp":"2025-01-15T07:21:55.790Z"}
{"level":"info","message":"Found 10 locations","timestamp":"2025-01-15T07:21:56.837Z"}
{"level":"info","message":"Found 2 locations","timestamp":"2025-01-15T07:21:56.844Z"}
{"level":"info","message":"Searching locations with keyword: li","timestamp":"2025-01-15T07:21:59.714Z"}
{"level":"info","message":"Searching Amadeus locations with keyword: li","timestamp":"2025-01-15T07:21:59.715Z"}
{"level":"info","message":"Searching locations with keyword: lim","timestamp":"2025-01-15T07:21:59.878Z"}
{"level":"info","message":"Searching Amadeus locations with keyword: lim","timestamp":"2025-01-15T07:21:59.878Z"}
{"level":"info","message":"Found 10 locations","timestamp":"2025-01-15T07:22:00.131Z"}
{"level":"info","message":"Found 10 locations","timestamp":"2025-01-15T07:22:00.393Z"}
{"amadeusConfigured":true,"level":"info","message":"Starting inventory service with config:","nodeEnv":"development","port":"3001","timestamp":"2025-01-15T07:23:39.616Z"}
{"level":"info","message":"Inventory service listening at http://localhost:3001","timestamp":"2025-01-15T07:23:39.621Z"}
{"level":"info","message":"Searching locations with keyword: ph","timestamp":"2025-01-15T07:23:53.828Z"}
{"level":"info","message":"Searching Amadeus locations with keyword: ph","timestamp":"2025-01-15T07:23:53.828Z"}
{"level":"info","message":"Searching locations with keyword: phl","timestamp":"2025-01-15T07:23:53.944Z"}
{"level":"info","message":"Searching Amadeus locations with keyword: phl","timestamp":"2025-01-15T07:23:53.946Z"}
{"level":"info","message":"Found 10 locations","timestamp":"2025-01-15T07:23:55.044Z"}
{"level":"info","message":"Found 2 locations","timestamp":"2025-01-15T07:23:55.075Z"}
{"level":"info","message":"Searching locations with keyword: LIM","timestamp":"2025-01-15T07:23:57.692Z"}
{"level":"info","message":"Searching Amadeus locations with keyword: LIM","timestamp":"2025-01-15T07:23:57.692Z"}
{"level":"info","message":"Found 10 locations","timestamp":"2025-01-15T07:23:58.138Z"}
{"level":"info","message":"Searching locations with keyword: LIMa","timestamp":"2025-01-15T07:23:58.169Z"}
{"level":"info","message":"Searching Amadeus locations with keyword: LIMa","timestamp":"2025-01-15T07:23:58.170Z"}
{"level":"info","message":"Found 2 locations","timestamp":"2025-01-15T07:23:58.541Z"}
